Using pre-set license
Built from '2020.3/staging' branch; Version is '2020.3.13f1 (71691879b7f5) revision 7432472'; Using compiler version '192528614'; Build Type 'Release'
OS: 'Windows 10 Home; OS build 19044.2006; Version 2009; 64bit' Language: 'en' Physical Memory: 16305 MB
BatchMode: 1, IsHumanControllingUs: 0, StartBugReporterOnCrash: 0, Is64bit: 1, IsPro: 0

 COMMAND LINE ARGUMENTS:
C:\Program Files\Unity\Hub\Editor\2020.3.13f1\Editor\Unity.exe
-adb2
-batchMode
-noUpm
-name
AssetImportWorker0
-projectPath
C:/Users/Bryan Bozel/Documents/Personal/GameDev/Platformer
-logFile
Logs/AssetImportWorker0.log
-srvPort
53512
Successfully changed project path to: C:/Users/Bryan Bozel/Documents/Personal/GameDev/Platformer
C:/Users/Bryan Bozel/Documents/Personal/GameDev/Platformer
Using Asset Import Pipeline V2.
Refreshing native plugins compatible for Editor in 25.68 ms, found 2 plugins.
Preloading 0 native plugins for Editor in 0.00 ms.
Initialize engine version: 2020.3.13f1 (71691879b7f5)
[Subsystems] Discovering subsystems at path C:/Program Files/Unity/Hub/Editor/2020.3.13f1/Editor/Data/Resources/UnitySubsystems
[Subsystems] Discovering subsystems at path C:/Users/Bryan Bozel/Documents/Personal/GameDev/Platformer/Assets
GfxDevice: creating device client; threaded=0
Direct3D:
    Version:  Direct3D 11.0 [level 11.1]
    Renderer: NVIDIA GeForce RTX 2070 SUPER (ID=0x1e84)
    Vendor:   
    VRAM:     8011 MB
    Driver:   30.0.15.1215
Initialize mono
Mono path[0] = 'C:/Program Files/Unity/Hub/Editor/2020.3.13f1/Editor/Data/Managed'
Mono path[1] = 'C:/Program Files/Unity/Hub/Editor/2020.3.13f1/Editor/Data/MonoBleedingEdge/lib/mono/unityjit'
Mono config path = 'C:/Program Files/Unity/Hub/Editor/2020.3.13f1/Editor/Data/MonoBleedingEdge/etc'
Using monoOptions --debugger-agent=transport=dt_socket,embedding=1,server=y,suspend=n,address=127.0.0.1:56584
Begin MonoManager ReloadAssembly
Registering precompiled unity dll's ...
Register platform support module: C:/Program Files/Unity/Hub/Editor/2020.3.13f1/Editor/Data/PlaybackEngines/WebGLSupport/UnityEditor.WebGL.Extensions.dll
Register platform support module: C:/Program Files/Unity/Hub/Editor/2020.3.13f1/Editor/Data/PlaybackEngines/WindowsStandaloneSupport/UnityEditor.WindowsStandalone.Extensions.dll
Registered in 0.002747 seconds.
Native extension for WindowsStandalone target not found
Native extension for WebGL target not found
Refreshing native plugins compatible for Editor in 25.86 ms, found 2 plugins.
Preloading 0 native plugins for Editor in 0.00 ms.
Mono: successfully reloaded assembly
- Completed reload, in  2.329 seconds
Platform modules already initialized, skipping
Registering precompiled user dll's ...
Registered in 0.004103 seconds.
Begin MonoManager ReloadAssembly
Native extension for WindowsStandalone target not found
Native extension for WebGL target not found
Refreshing native plugins compatible for Editor in 0.35 ms, found 2 plugins.
Preloading 0 native plugins for Editor in 0.00 ms.
Mono: successfully reloaded assembly
- Completed reload, in  0.919 seconds
Platform modules already initialized, skipping
========================================================================
Worker process is ready to serve import requests
Launched and connected shader compiler UnityShaderCompiler.exe after 0.04 seconds
Refreshing native plugins compatible for Editor in 0.35 ms, found 2 plugins.
Preloading 0 native plugins for Editor in 0.00 ms.
Unloading 1392 Unused Serialized files (Serialized files now loaded: 0)
System memory in use before: 64.9 MB.
System memory in use after: 64.9 MB.

Unloading 19 unused Assets to reduce memory usage. Loaded Objects now: 1825.
Total: 2.052300 ms (FindLiveObjects: 0.201600 ms CreateObjectMapping: 0.047600 ms MarkObjects: 1.719000 ms  DeleteObjects: 0.082300 ms)

AssetImportParameters requested are different than current active one (requested -> active):
  custom:framework-win-MediaFoundation: 216162199b28c13a410421893ffa2e32 -> 
  custom:video-decoder-ogg-theora: a1e56fd34408186e4bbccfd4996cb3dc -> 
  custom:container-muxer-webm: aa71ff27fc2769a1b78a27578f13a17b -> 
  custom:container-demuxer-webm: 4f35f7cbe854078d1ac9338744f61a02 -> 
  custom:container-demuxer-ogg: 62fdf1f143b41e24485cea50d1cbac27 -> 
  custom:video-encoder-webm-vp8: eb34c28f22e8b96e1ab97ce403110664 -> 
  custom:video-decoder-webm-vp8: 9c59270c3fd7afecdb556c50c9e8de78 -> 
  custom:audio-decoder-ogg-vorbis: bf7c407c2cedff20999df2af8eb42d56 -> 
  custom:audio-encoder-webm-vorbis: bf7c407c2cedff20999df2af8eb42d56 -> 
========================================================================
Received Import Request.
  path: Assets/Scripts/Control/PlayerMove.cs
  artifactKey: Guid(54fda202b9e8be942b37180185ea5b4f) Importer(815301076,1909f56bfc062723c751e8b465ee728b)
Start importing Assets/Scripts/Control/PlayerMove.cs using Guid(54fda202b9e8be942b37180185ea5b4f) Importer(815301076,1909f56bfc062723c751e8b465ee728b)  -> (artifact id: 'e74d07fa920d1e67be07571509eef750') in 0.024475 seconds 
  Import took 0.026513 seconds .

========================================================================
Received Import Request.
  Time since last request: 8.730328 seconds.
  path: Assets/Scripts/Control/PlayerMove.cs
  artifactKey: Guid(54fda202b9e8be942b37180185ea5b4f) Importer(815301076,1909f56bfc062723c751e8b465ee728b)
Start importing Assets/Scripts/Control/PlayerMove.cs using Guid(54fda202b9e8be942b37180185ea5b4f) Importer(815301076,1909f56bfc062723c751e8b465ee728b)  -> (artifact id: '1b176e2c163dca7ce131862a3e49e186') in 0.002648 seconds 
  Import took 0.005127 seconds .

========================================================================
Received Import Request.
  Time since last request: 0.003929 seconds.
  path: Assets/Scripts/Control/PlayerMove.cs
  artifactKey: Guid(54fda202b9e8be942b37180185ea5b4f) Importer(815301076,1909f56bfc062723c751e8b465ee728b)
Start importing Assets/Scripts/Control/PlayerMove.cs using Guid(54fda202b9e8be942b37180185ea5b4f) Importer(815301076,1909f56bfc062723c751e8b465ee728b)  -> (artifact id: '1b176e2c163dca7ce131862a3e49e186') in 0.002178 seconds 
  Import took 0.004276 seconds .

========================================================================
Received Import Request.
  Time since last request: 54.827740 seconds.
  path: Assets/Scripts/Control/PlayerMove.cs
  artifactKey: Guid(54fda202b9e8be942b37180185ea5b4f) Importer(815301076,1909f56bfc062723c751e8b465ee728b)
Start importing Assets/Scripts/Control/PlayerMove.cs using Guid(54fda202b9e8be942b37180185ea5b4f) Importer(815301076,1909f56bfc062723c751e8b465ee728b)  -> (artifact id: 'bacc672933d918318c1fb4768ea61de4') in 0.002207 seconds 
  Import took 0.004421 seconds .

========================================================================
Received Import Request.
  Time since last request: 0.002813 seconds.
  path: Assets/Scripts/Control/PlayerMove.cs
  artifactKey: Guid(54fda202b9e8be942b37180185ea5b4f) Importer(815301076,1909f56bfc062723c751e8b465ee728b)
Start importing Assets/Scripts/Control/PlayerMove.cs using Guid(54fda202b9e8be942b37180185ea5b4f) Importer(815301076,1909f56bfc062723c751e8b465ee728b)  -> (artifact id: 'bacc672933d918318c1fb4768ea61de4') in 0.001973 seconds 
  Import took 0.004234 seconds .

========================================================================
Received Import Request.
  Time since last request: 70.538104 seconds.
  path: Assets/Scripts/Control/PlayerMove.cs
  artifactKey: Guid(54fda202b9e8be942b37180185ea5b4f) Importer(815301076,1909f56bfc062723c751e8b465ee728b)
Start importing Assets/Scripts/Control/PlayerMove.cs using Guid(54fda202b9e8be942b37180185ea5b4f) Importer(815301076,1909f56bfc062723c751e8b465ee728b)  -> (artifact id: 'afa53a8d107243a2362d57413a1844f4') in 0.001986 seconds 
  Import took 0.004048 seconds .

========================================================================
Received Import Request.
  Time since last request: 0.002992 seconds.
  path: Assets/Scripts/Control/PlayerMove.cs
  artifactKey: Guid(54fda202b9e8be942b37180185ea5b4f) Importer(815301076,1909f56bfc062723c751e8b465ee728b)
Start importing Assets/Scripts/Control/PlayerMove.cs using Guid(54fda202b9e8be942b37180185ea5b4f) Importer(815301076,1909f56bfc062723c751e8b465ee728b)  -> (artifact id: 'afa53a8d107243a2362d57413a1844f4') in 0.001885 seconds 
  Import took 0.003351 seconds .

========================================================================
Received Import Request.
  Time since last request: 112.374313 seconds.
  path: Assets/Scripts/Control/PlayerMove.cs
  artifactKey: Guid(54fda202b9e8be942b37180185ea5b4f) Importer(815301076,1909f56bfc062723c751e8b465ee728b)
Start importing Assets/Scripts/Control/PlayerMove.cs using Guid(54fda202b9e8be942b37180185ea5b4f) Importer(815301076,1909f56bfc062723c751e8b465ee728b)  -> (artifact id: '062144f7e677db4075b58082dea19bb3') in 0.003463 seconds 
  Import took 0.006245 seconds .

========================================================================
Received Import Request.
  Time since last request: 0.001773 seconds.
  path: Assets/Scripts/Control/PlayerMove.cs
  artifactKey: Guid(54fda202b9e8be942b37180185ea5b4f) Importer(815301076,1909f56bfc062723c751e8b465ee728b)
Start importing Assets/Scripts/Control/PlayerMove.cs using Guid(54fda202b9e8be942b37180185ea5b4f) Importer(815301076,1909f56bfc062723c751e8b465ee728b)  -> (artifact id: '062144f7e677db4075b58082dea19bb3') in 0.002172 seconds 
  Import took 0.003775 seconds .

========================================================================
Received Import Request.
  Time since last request: 4.951167 seconds.
  path: Assets/Scripts/Control/PlayerMove.cs
  artifactKey: Guid(54fda202b9e8be942b37180185ea5b4f) Importer(815301076,1909f56bfc062723c751e8b465ee728b)
Start importing Assets/Scripts/Control/PlayerMove.cs using Guid(54fda202b9e8be942b37180185ea5b4f) Importer(815301076,1909f56bfc062723c751e8b465ee728b)  -> (artifact id: '086dd730799dd1462faaaf040e6fefaf') in 0.001952 seconds 
  Import took 0.004191 seconds .

========================================================================
Received Import Request.
  Time since last request: 26.745347 seconds.
  path: Assets/Scripts/Control/PlayerMove.cs
  artifactKey: Guid(54fda202b9e8be942b37180185ea5b4f) Importer(815301076,1909f56bfc062723c751e8b465ee728b)
Start importing Assets/Scripts/Control/PlayerMove.cs using Guid(54fda202b9e8be942b37180185ea5b4f) Importer(815301076,1909f56bfc062723c751e8b465ee728b)  -> (artifact id: '3aa4e1942fec62db49fdc868f8bf3b8f') in 0.002354 seconds 
  Import took 0.005116 seconds .

========================================================================
Received Import Request.
  Time since last request: 0.002381 seconds.
  path: Assets/Scripts/Control/PlayerMove.cs
  artifactKey: Guid(54fda202b9e8be942b37180185ea5b4f) Importer(815301076,1909f56bfc062723c751e8b465ee728b)
Start importing Assets/Scripts/Control/PlayerMove.cs using Guid(54fda202b9e8be942b37180185ea5b4f) Importer(815301076,1909f56bfc062723c751e8b465ee728b)  -> (artifact id: '3aa4e1942fec62db49fdc868f8bf3b8f') in 0.002259 seconds 
  Import took 0.004226 seconds .

========================================================================
Received Import Request.
  Time since last request: 101.492567 seconds.
  path: Assets/Scripts/Control/PlayerMove.cs
  artifactKey: Guid(54fda202b9e8be942b37180185ea5b4f) Importer(815301076,1909f56bfc062723c751e8b465ee728b)
Start importing Assets/Scripts/Control/PlayerMove.cs using Guid(54fda202b9e8be942b37180185ea5b4f) Importer(815301076,1909f56bfc062723c751e8b465ee728b)  -> (artifact id: '3c2fe8fd5892c9a4a530176d8e9604aa') in 0.003321 seconds 
  Import took 0.006336 seconds .

========================================================================
Received Import Request.
  Time since last request: 0.002664 seconds.
  path: Assets/Scripts/Control/PlayerMove.cs
  artifactKey: Guid(54fda202b9e8be942b37180185ea5b4f) Importer(815301076,1909f56bfc062723c751e8b465ee728b)
Start importing Assets/Scripts/Control/PlayerMove.cs using Guid(54fda202b9e8be942b37180185ea5b4f) Importer(815301076,1909f56bfc062723c751e8b465ee728b)  -> (artifact id: '3c2fe8fd5892c9a4a530176d8e9604aa') in 0.002881 seconds 
  Import took 0.004877 seconds .

========================================================================
Received Import Request.
  Time since last request: 2.706083 seconds.
  path: Assets/Scripts/Control/PlayerMove.cs
  artifactKey: Guid(54fda202b9e8be942b37180185ea5b4f) Importer(815301076,1909f56bfc062723c751e8b465ee728b)
Start importing Assets/Scripts/Control/PlayerMove.cs using Guid(54fda202b9e8be942b37180185ea5b4f) Importer(815301076,1909f56bfc062723c751e8b465ee728b)  -> (artifact id: 'd012ebd477c047ba1b1c497e8b82c288') in 0.002028 seconds 
  Import took 0.004322 seconds .

========================================================================
Received Import Request.
  Time since last request: 10.160325 seconds.
  path: Assets/Scripts/Control/PlayerMove.cs
  artifactKey: Guid(54fda202b9e8be942b37180185ea5b4f) Importer(815301076,1909f56bfc062723c751e8b465ee728b)
Start importing Assets/Scripts/Control/PlayerMove.cs using Guid(54fda202b9e8be942b37180185ea5b4f) Importer(815301076,1909f56bfc062723c751e8b465ee728b)  -> (artifact id: '7c5a2f686cb6957c2240082b7ba0a251') in 0.002503 seconds 
  Import took 0.005271 seconds .

========================================================================
Received Import Request.
  Time since last request: 0.002144 seconds.
  path: Assets/Scripts/Control/PlayerMove.cs
  artifactKey: Guid(54fda202b9e8be942b37180185ea5b4f) Importer(815301076,1909f56bfc062723c751e8b465ee728b)
Start importing Assets/Scripts/Control/PlayerMove.cs using Guid(54fda202b9e8be942b37180185ea5b4f) Importer(815301076,1909f56bfc062723c751e8b465ee728b)  -> (artifact id: '7c5a2f686cb6957c2240082b7ba0a251') in 0.002124 seconds 
  Import took 0.004381 seconds .

========================================================================
Received Import Request.
  Time since last request: 7.225770 seconds.
  path: Assets/Scripts/Control/PlayerMove.cs
  artifactKey: Guid(54fda202b9e8be942b37180185ea5b4f) Importer(815301076,1909f56bfc062723c751e8b465ee728b)
Start importing Assets/Scripts/Control/PlayerMove.cs using Guid(54fda202b9e8be942b37180185ea5b4f) Importer(815301076,1909f56bfc062723c751e8b465ee728b)  -> (artifact id: '062cdf80b1105afb54f400f70e41d5c8') in 0.002055 seconds 
  Import took 0.004282 seconds .

========================================================================
Received Import Request.
  Time since last request: 34.793185 seconds.
  path: Assets/Scripts/Control/PlayerMove.cs
  artifactKey: Guid(54fda202b9e8be942b37180185ea5b4f) Importer(815301076,1909f56bfc062723c751e8b465ee728b)
Start importing Assets/Scripts/Control/PlayerMove.cs using Guid(54fda202b9e8be942b37180185ea5b4f) Importer(815301076,1909f56bfc062723c751e8b465ee728b)  -> (artifact id: '23ae85ba71f2850c1e208a5c4f2aed63') in 0.002370 seconds 
  Import took 0.004839 seconds .

========================================================================
Received Import Request.
  Time since last request: 0.001411 seconds.
  path: Assets/Scripts/Control/PlayerMove.cs
  artifactKey: Guid(54fda202b9e8be942b37180185ea5b4f) Importer(815301076,1909f56bfc062723c751e8b465ee728b)
Start importing Assets/Scripts/Control/PlayerMove.cs using Guid(54fda202b9e8be942b37180185ea5b4f) Importer(815301076,1909f56bfc062723c751e8b465ee728b)  -> (artifact id: '23ae85ba71f2850c1e208a5c4f2aed63') in 0.002122 seconds 
  Import took 0.003633 seconds .

========================================================================
Received Import Request.
  Time since last request: 9.309474 seconds.
  path: Assets/Scripts/Control/PlayerMove.cs
  artifactKey: Guid(54fda202b9e8be942b37180185ea5b4f) Importer(815301076,1909f56bfc062723c751e8b465ee728b)
Start importing Assets/Scripts/Control/PlayerMove.cs using Guid(54fda202b9e8be942b37180185ea5b4f) Importer(815301076,1909f56bfc062723c751e8b465ee728b)  -> (artifact id: '4f28da4d2d6ba4506dfa4230f0534443') in 0.001934 seconds 
  Import took 0.004457 seconds .

========================================================================
Received Import Request.
  Time since last request: 0.002022 seconds.
  path: Assets/Scripts/Control/PlayerMove.cs
  artifactKey: Guid(54fda202b9e8be942b37180185ea5b4f) Importer(815301076,1909f56bfc062723c751e8b465ee728b)
Start importing Assets/Scripts/Control/PlayerMove.cs using Guid(54fda202b9e8be942b37180185ea5b4f) Importer(815301076,1909f56bfc062723c751e8b465ee728b)  -> (artifact id: '4f28da4d2d6ba4506dfa4230f0534443') in 0.002445 seconds 
  Import took 0.004393 seconds .

========================================================================
Received Import Request.
  Time since last request: 2.753911 seconds.
  path: Assets/Scripts/Control/PlayerMove.cs
  artifactKey: Guid(54fda202b9e8be942b37180185ea5b4f) Importer(815301076,1909f56bfc062723c751e8b465ee728b)
Start importing Assets/Scripts/Control/PlayerMove.cs using Guid(54fda202b9e8be942b37180185ea5b4f) Importer(815301076,1909f56bfc062723c751e8b465ee728b)  -> (artifact id: 'ddb0264cbfea869eae4915b9efeb7dd5') in 0.001995 seconds 
  Import took 0.004221 seconds .

========================================================================
Received Import Request.
  Time since last request: 0.002228 seconds.
  path: Assets/Scripts/Control/PlayerMove.cs
  artifactKey: Guid(54fda202b9e8be942b37180185ea5b4f) Importer(815301076,1909f56bfc062723c751e8b465ee728b)
Start importing Assets/Scripts/Control/PlayerMove.cs using Guid(54fda202b9e8be942b37180185ea5b4f) Importer(815301076,1909f56bfc062723c751e8b465ee728b)  -> (artifact id: 'ddb0264cbfea869eae4915b9efeb7dd5') in 0.001816 seconds 
  Import took 0.003230 seconds .

========================================================================
Received Import Request.
  Time since last request: 5.901356 seconds.
  path: Assets/Scripts/Control/PlayerMove.cs
  artifactKey: Guid(54fda202b9e8be942b37180185ea5b4f) Importer(815301076,1909f56bfc062723c751e8b465ee728b)
Start importing Assets/Scripts/Control/PlayerMove.cs using Guid(54fda202b9e8be942b37180185ea5b4f) Importer(815301076,1909f56bfc062723c751e8b465ee728b)  -> (artifact id: 'bb2aa78f3c775c61cd7cb0a7e55b225c') in 0.002584 seconds 
  Import took 0.004996 seconds .

========================================================================
Received Import Request.
  Time since last request: 0.001850 seconds.
  path: Assets/Scripts/Control/PlayerMove.cs
  artifactKey: Guid(54fda202b9e8be942b37180185ea5b4f) Importer(815301076,1909f56bfc062723c751e8b465ee728b)
Start importing Assets/Scripts/Control/PlayerMove.cs using Guid(54fda202b9e8be942b37180185ea5b4f) Importer(815301076,1909f56bfc062723c751e8b465ee728b)  -> (artifact id: 'bb2aa78f3c775c61cd7cb0a7e55b225c') in 0.002392 seconds 
  Import took 0.004265 seconds .

========================================================================
Received Import Request.
  Time since last request: 2.918011 seconds.
  path: Assets/Scripts/Control/PlayerMove.cs
  artifactKey: Guid(54fda202b9e8be942b37180185ea5b4f) Importer(815301076,1909f56bfc062723c751e8b465ee728b)
Start importing Assets/Scripts/Control/PlayerMove.cs using Guid(54fda202b9e8be942b37180185ea5b4f) Importer(815301076,1909f56bfc062723c751e8b465ee728b)  -> (artifact id: '6a425ad6e594d9ceffe80c27110b6a66') in 0.002040 seconds 
  Import took 0.004288 seconds .

========================================================================
Received Import Request.
  Time since last request: 0.002633 seconds.
  path: Assets/Scripts/Control/PlayerMove.cs
  artifactKey: Guid(54fda202b9e8be942b37180185ea5b4f) Importer(815301076,1909f56bfc062723c751e8b465ee728b)
Start importing Assets/Scripts/Control/PlayerMove.cs using Guid(54fda202b9e8be942b37180185ea5b4f) Importer(815301076,1909f56bfc062723c751e8b465ee728b)  -> (artifact id: '6a425ad6e594d9ceffe80c27110b6a66') in 0.002244 seconds 
  Import took 0.004231 seconds .

========================================================================
Received Import Request.
  Time since last request: 7.493435 seconds.
  path: Assets/Scripts/Control/PlayerMove.cs
  artifactKey: Guid(54fda202b9e8be942b37180185ea5b4f) Importer(815301076,1909f56bfc062723c751e8b465ee728b)
Start importing Assets/Scripts/Control/PlayerMove.cs using Guid(54fda202b9e8be942b37180185ea5b4f) Importer(815301076,1909f56bfc062723c751e8b465ee728b)  -> (artifact id: '2b0ecaca3bdbdca19c3f1e94734cdccc') in 0.002142 seconds 
  Import took 0.004757 seconds .

========================================================================
Received Import Request.
  Time since last request: 0.002085 seconds.
  path: Assets/Scripts/Control/PlayerMove.cs
  artifactKey: Guid(54fda202b9e8be942b37180185ea5b4f) Importer(815301076,1909f56bfc062723c751e8b465ee728b)
Start importing Assets/Scripts/Control/PlayerMove.cs using Guid(54fda202b9e8be942b37180185ea5b4f) Importer(815301076,1909f56bfc062723c751e8b465ee728b)  -> (artifact id: '2b0ecaca3bdbdca19c3f1e94734cdccc') in 0.001900 seconds 
  Import took 0.004190 seconds .

========================================================================
Received Prepare
Registering precompiled user dll's ...
Registered in 0.003844 seconds.
Begin MonoManager ReloadAssembly
Native extension for WindowsStandalone target not found
Native extension for WebGL target not found
Refreshing native plugins compatible for Editor in 0.34 ms, found 2 plugins.
Preloading 0 native plugins for Editor in 0.00 ms.
Mono: successfully reloaded assembly
- Completed reload, in  0.814 seconds
Platform modules already initialized, skipping
Refreshing native plugins compatible for Editor in 0.35 ms, found 2 plugins.
Preloading 0 native plugins for Editor in 0.00 ms.
Unloading 1387 Unused Serialized files (Serialized files now loaded: 0)
System memory in use before: 64.8 MB.
System memory in use after: 64.9 MB.

Unloading 14 unused Assets to reduce memory usage. Loaded Objects now: 1828.
Total: 1.751200 ms (FindLiveObjects: 0.185600 ms CreateObjectMapping: 0.032700 ms MarkObjects: 1.483100 ms  DeleteObjects: 0.048300 ms)

AssetImportParameters requested are different than current active one (requested -> active):
  custom:framework-win-MediaFoundation: 216162199b28c13a410421893ffa2e32 -> 
  custom:video-decoder-ogg-theora: a1e56fd34408186e4bbccfd4996cb3dc -> 
  custom:container-muxer-webm: aa71ff27fc2769a1b78a27578f13a17b -> 
  custom:container-demuxer-webm: 4f35f7cbe854078d1ac9338744f61a02 -> 
  custom:container-demuxer-ogg: 62fdf1f143b41e24485cea50d1cbac27 -> 
  custom:video-encoder-webm-vp8: eb34c28f22e8b96e1ab97ce403110664 -> 
  custom:video-decoder-webm-vp8: 9c59270c3fd7afecdb556c50c9e8de78 -> 
  custom:audio-decoder-ogg-vorbis: bf7c407c2cedff20999df2af8eb42d56 -> 
  custom:audio-encoder-webm-vorbis: bf7c407c2cedff20999df2af8eb42d56 -> 
AssetImportWorkerClient::OnTransportError - code=2 error=End of file
